2017-08-16 13:10:44: -- Analysis Started by User Command
2017-08-16 13:10:47: /Assets/Resources/Text/GirlDebug/girls.json.meta: Sync will delete Folder /Assets/Resources/Text/GirlDebug on Left because it is deleted on Right, File /Assets/Resources/Text/GirlDebug/girls.json.meta changed on Left (Vertical Conflict)
2017-08-16 13:10:47: /Assets/Resources/Text/GirlDebug/girls.json: Parent folder conflict propagated down to children
2017-08-16 13:10:47: 分析完毕并发现冲突情况。如需解决冲突请选择正常的同步方向。
2017-08-16 13:10:47: 变更：152， 冲突：3， 复制时间：0， 复制状态：0， 错误： 0, All: 8525
2017-08-16 13:10:47: Left to Right: Copy File: 3 
2017-08-16 13:10:47: Right to Left: Copy File: 144 Delete File: 2 
2017-08-16 13:10:47: ----- ：分析已结束。 历时 00:00:04， 速度： 2,129 个文件/秒 -----
2017-08-16 13:10:47: 
2017-08-16 13:11:08: == Sync Started by User Command
2017-08-16 13:11:08: 删除文件 '//LANDISK/BackUp/UnityProject/LianaiYuTuili/Assets/Resources/Text/GirlDebug/girls.json.meta' (User Action)
2017-08-16 13:11:08: 删除文件 '//LANDISK/BackUp/UnityProject/LianaiYuTuili/Assets/Script/GameStruct/GirlManager.cs'
2017-08-16 13:11:08: 删除文件 '//LANDISK/BackUp/UnityProject/LianaiYuTuili/Assets/Script/GameStruct/Model/Girls.cs'
2017-08-16 13:11:08: 创建文件夹 '//LANDISK/BackUp/UnityProject/LianaiYuTuili/Assets/Resources/Text/AppDebug'
2017-08-16 13:11:08: 覆盖复制 'C:/File/UnityProject/LianaiYuTuili/Assets/Resources/Prefab/KeyWord_Button.prefab' -> '//LANDISK/BackUp/UnityProject/LianaiYuTuili/Assets/Resources/Prefab/KeyWord_Button.prefab'
2017-08-16 13:11:08: 覆盖复制 'C:/File/UnityProject/LianaiYuTuili/Assets/Resources/Prefab/TourName_Button.prefab' -> '//LANDISK/BackUp/UnityProject/LianaiYuTuili/Assets/Resources/Prefab/TourName_Button.prefab'
2017-08-16 13:11:08: 新建复制 'C:/File/UnityProject/LianaiYuTuili/Assets/Resources/Text/AppDebug/keywords.json' -> '//LANDISK/BackUp/UnityProject/LianaiYuTuili/Assets/Resources/Text/AppDebug/keywords.json'
2017-08-16 13:11:08: 新建复制 'C:/File/UnityProject/LianaiYuTuili/Assets/Resources/Text/AppDebug/routines.json' -> '//LANDISK/BackUp/UnityProject/LianaiYuTuili/Assets/Resources/Text/AppDebug/routines.json'
2017-08-16 13:11:08: 新建复制 'C:/File/UnityProject/LianaiYuTuili/Assets/Resources/Text/AppDebug/tourguides.json' -> '//LANDISK/BackUp/UnityProject/LianaiYuTuili/Assets/Resources/Text/AppDebug/tourguides.json'
2017-08-16 13:11:08: 移动文件 //LANDISK/BackUp/UnityProject/LianaiYuTuili/Assets/Resources/Text/GirlDebug/girls.json -> //LANDISK/BackUp/UnityProject/LianaiYuTuili/Assets/Resources/Text/AppDebug/girls.json
2017-08-16 13:11:08: 删除文件夹 '//LANDISK/BackUp/UnityProject/LianaiYuTuili/Assets/Resources/Text/GirlDebug' (User Action)
2017-08-16 13:11:08: 新建复制 '//LANDISK/BackUp/UnityProject/LianaiYuTuili/Assets/Resources/Text/GirlDebug.meta' -> 'C:/File/UnityProject/LianaiYuTuili/Assets/Resources/Text/GirlDebug.meta'
2017-08-16 13:11:08: 新建复制 'C:/File/UnityProject/LianaiYuTuili/Assets/Resources/UI/Icon_Li.jpg' -> '//LANDISK/BackUp/UnityProject/LianaiYuTuili/Assets/Resources/UI/Icon_Li.jpg'
2017-08-16 13:11:08: 新建复制 'C:/File/UnityProject/LianaiYuTuili/Assets/Resources/UI/Icon_Miao.jpg' -> '//LANDISK/BackUp/UnityProject/LianaiYuTuili/Assets/Resources/UI/Icon_Miao.jpg'
2017-08-16 13:11:08: 新建复制 'C:/File/UnityProject/LianaiYuTuili/Assets/Resources/UI/Icon_Su.jpg' -> '//LANDISK/BackUp/UnityProject/LianaiYuTuili/Assets/Resources/UI/Icon_Su.jpg'
2017-08-16 13:11:08: 新建复制 'C:/File/UnityProject/LianaiYuTuili/Assets/Resources/UI/Icon_Xi.jpg' -> '//LANDISK/BackUp/UnityProject/LianaiYuTuili/Assets/Resources/UI/Icon_Xi.jpg'
2017-08-16 13:11:08: 覆盖复制 'C:/File/UnityProject/LianaiYuTuili/Assets/Scene/main.unity' -> '//LANDISK/BackUp/UnityProject/LianaiYuTuili/Assets/Scene/main.unity'
2017-08-16 13:11:08: 新建复制 'C:/File/UnityProject/LianaiYuTuili/Assets/Script/GameStruct/AppManager.cs' -> '//LANDISK/BackUp/UnityProject/LianaiYuTuili/Assets/Script/GameStruct/AppManager.cs'
2017-08-16 13:11:08: 覆盖复制 'C:/File/UnityProject/LianaiYuTuili/Assets/Script/GameStruct/CharacterManager.cs' -> '//LANDISK/BackUp/UnityProject/LianaiYuTuili/Assets/Script/GameStruct/CharacterManager.cs'
2017-08-16 13:11:08: 覆盖复制 'C:/File/UnityProject/LianaiYuTuili/Assets/Script/GameStruct/DataManager.cs' -> '//LANDISK/BackUp/UnityProject/LianaiYuTuili/Assets/Script/GameStruct/DataManager.cs'
2017-08-16 13:11:08: 覆盖复制 'C:/File/UnityProject/LianaiYuTuili/Assets/Script/GameStruct/EnquireManager.cs' -> '//LANDISK/BackUp/UnityProject/LianaiYuTuili/Assets/Script/GameStruct/EnquireManager.cs'
2017-08-16 13:11:08: 新建复制 '//LANDISK/BackUp/UnityProject/LianaiYuTuili/Assets/Script/GameStruct/GirlManager.cs.meta' -> 'C:/File/UnityProject/LianaiYuTuili/Assets/Script/GameStruct/GirlManager.cs.meta'
2017-08-16 13:11:08: 覆盖复制 'C:/File/UnityProject/LianaiYuTuili/Assets/Script/GameStruct/ImageManager.cs' -> '//LANDISK/BackUp/UnityProject/LianaiYuTuili/Assets/Script/GameStruct/ImageManager.cs'
2017-08-16 13:11:08: 新建复制 'C:/File/UnityProject/LianaiYuTuili/Assets/Script/GameStruct/Model/Girl.cs' -> '//LANDISK/BackUp/UnityProject/LianaiYuTuili/Assets/Script/GameStruct/Model/Girl.cs'
2017-08-16 13:11:08: 新建复制 '//LANDISK/BackUp/UnityProject/LianaiYuTuili/Assets/Script/GameStruct/Model/Girls.cs.meta' -> 'C:/File/UnityProject/LianaiYuTuili/Assets/Script/GameStruct/Model/Girls.cs.meta'
2017-08-16 13:11:08: 新建复制 'C:/File/UnityProject/LianaiYuTuili/Assets/Script/GameStruct/Model/Keyword.cs' -> '//LANDISK/BackUp/UnityProject/LianaiYuTuili/Assets/Script/GameStruct/Model/Keyword.cs'
2017-08-16 13:11:08: 新建复制 'C:/File/UnityProject/LianaiYuTuili/Assets/Script/GameStruct/Model/Routine.cs' -> '//LANDISK/BackUp/UnityProject/LianaiYuTuili/Assets/Script/GameStruct/Model/Routine.cs'
2017-08-16 13:11:08: 新建复制 'C:/File/UnityProject/LianaiYuTuili/Assets/Script/GameStruct/Model/Tour.cs' -> '//LANDISK/BackUp/UnityProject/LianaiYuTuili/Assets/Script/GameStruct/Model/Tour.cs'
2017-08-16 13:11:08: 覆盖复制 'C:/File/UnityProject/LianaiYuTuili/Assets/Script/GameStruct/Node/EduNode.cs' -> '//LANDISK/BackUp/UnityProject/LianaiYuTuili/Assets/Script/GameStruct/Node/EduNode.cs'
2017-08-16 13:11:08: 覆盖复制 'C:/File/UnityProject/LianaiYuTuili/Assets/Script/GameStruct/Node/Text/EviPiece.cs' -> '//LANDISK/BackUp/UnityProject/LianaiYuTuili/Assets/Script/GameStruct/Node/Text/EviPiece.cs'
2017-08-16 13:11:08: 覆盖复制 'C:/File/UnityProject/LianaiYuTuili/Assets/Script/GameStruct/ReasoningManager.cs' -> '//LANDISK/BackUp/UnityProject/LianaiYuTuili/Assets/Script/GameStruct/ReasoningManager.cs'
2017-08-16 13:11:09: 覆盖复制 'C:/File/UnityProject/LianaiYuTuili/Assets/Script/UIScript/Button/EvidenceButton.cs' -> '//LANDISK/BackUp/UnityProject/LianaiYuTuili/Assets/Script/UIScript/Button/EvidenceButton.cs'
2017-08-16 13:11:09: 新建复制 'C:/File/UnityProject/LianaiYuTuili/Assets/Script/UIScript/Button/KeywordButton.cs' -> '//LANDISK/BackUp/UnityProject/LianaiYuTuili/Assets/Script/UIScript/Button/KeywordButton.cs'
2017-08-16 13:11:09: 新建复制 'C:/File/UnityProject/LianaiYuTuili/Assets/Script/UIScript/Button/TourButton.cs' -> '//LANDISK/BackUp/UnityProject/LianaiYuTuili/Assets/Script/UIScript/Button/TourButton.cs'
2017-08-16 13:11:09: 覆盖复制 'C:/File/UnityProject/LianaiYuTuili/Assets/Script/UIScript/Effect/EffectBuilder.cs' -> '//LANDISK/BackUp/UnityProject/LianaiYuTuili/Assets/Script/UIScript/Effect/EffectBuilder.cs'
2017-08-16 13:11:09: 覆盖复制 'C:/File/UnityProject/LianaiYuTuili/Assets/Script/UIScript/UIManager/AppCalendarUIManager.cs' -> '//LANDISK/BackUp/UnityProject/LianaiYuTuili/Assets/Script/UIScript/UIManager/AppCalendarUIManager.cs'
2017-08-16 13:11:09: 覆盖复制 'C:/File/UnityProject/LianaiYuTuili/Assets/Script/UIScript/UIManager/AppHelpUIManager.cs' -> '//LANDISK/BackUp/UnityProject/LianaiYuTuili/Assets/Script/UIScript/UIManager/AppHelpUIManager.cs'
2017-08-16 13:11:09: 覆盖复制 'C:/File/UnityProject/LianaiYuTuili/Assets/Script/UIScript/UIManager/AppTourUIManager.cs' -> '//LANDISK/BackUp/UnityProject/LianaiYuTuili/Assets/Script/UIScript/UIManager/AppTourUIManager.cs'
2017-08-16 13:11:09: 覆盖复制 'C:/File/UnityProject/LianaiYuTuili/Assets/Script/UIScript/UIManager/DetectUIManager.cs' -> '//LANDISK/BackUp/UnityProject/LianaiYuTuili/Assets/Script/UIScript/UIManager/DetectUIManager.cs'
2017-08-16 13:11:09: 覆盖复制 'C:/File/UnityProject/LianaiYuTuili/Assets/Script/UIScript/UIManager/DialogBoxUIManager.cs' -> '//LANDISK/BackUp/UnityProject/LianaiYuTuili/Assets/Script/UIScript/UIManager/DialogBoxUIManager.cs'
2017-08-16 13:11:09: 覆盖复制 'C:/File/UnityProject/LianaiYuTuili/Assets/Script/UIScript/UIManager/EduUIManager.cs' -> '//LANDISK/BackUp/UnityProject/LianaiYuTuili/Assets/Script/UIScript/UIManager/EduUIManager.cs'
2017-08-16 13:11:09: 覆盖复制 'C:/File/UnityProject/LianaiYuTuili/Assets/Script/UIScript/UIManager/EndingUIManager.cs' -> '//LANDISK/BackUp/UnityProject/LianaiYuTuili/Assets/Script/UIScript/UIManager/EndingUIManager.cs'
2017-08-16 13:11:09: 覆盖复制 'C:/File/UnityProject/LianaiYuTuili/Assets/Script/UIScript/UIManager/EnquireUIManager.cs' -> '//LANDISK/BackUp/UnityProject/LianaiYuTuili/Assets/Script/UIScript/UIManager/EnquireUIManager.cs'
2017-08-16 13:11:09: 覆盖复制 'C:/File/UnityProject/LianaiYuTuili/Assets/Script/UIScript/UIManager/EvidenceUIManager.cs' -> '//LANDISK/BackUp/UnityProject/LianaiYuTuili/Assets/Script/UIScript/UIManager/EvidenceUIManager.cs'
2017-08-16 13:11:09: 覆盖复制 'C:/File/UnityProject/LianaiYuTuili/Assets/Script/UIScript/UIManager/GalleryUIManager.cs' -> '//LANDISK/BackUp/UnityProject/LianaiYuTuili/Assets/Script/UIScript/UIManager/GalleryUIManager.cs'
2017-08-16 13:11:09: 覆盖复制 'C:/File/UnityProject/LianaiYuTuili/Assets/Script/UIScript/UIManager/LoveUIManager.cs' -> '//LANDISK/BackUp/UnityProject/LianaiYuTuili/Assets/Script/UIScript/UIManager/LoveUIManager.cs'
2017-08-16 13:11:09: 覆盖复制 'C:/File/UnityProject/LianaiYuTuili/Assets/Script/UIScript/UIManager/MusicUIManager.cs' -> '//LANDISK/BackUp/UnityProject/LianaiYuTuili/Assets/Script/UIScript/UIManager/MusicUIManager.cs'
2017-08-16 13:11:09: 覆盖复制 'C:/File/UnityProject/LianaiYuTuili/Assets/Script/UIScript/UIManager/ReasoningUIManager.cs' -> '//LANDISK/BackUp/UnityProject/LianaiYuTuili/Assets/Script/UIScript/UIManager/ReasoningUIManager.cs'
2017-08-16 13:11:09: 覆盖复制 'C:/File/UnityProject/LianaiYuTuili/Assets/Script/UIScript/UIManager/RecollectionUIManager.cs' -> '//LANDISK/BackUp/UnityProject/LianaiYuTuili/Assets/Script/UIScript/UIManager/RecollectionUIManager.cs'
2017-08-16 13:11:09: 覆盖复制 'C:/File/UnityProject/LianaiYuTuili/Assets/Script/UIScript/UIManager/SystemUIManager.cs' -> '//LANDISK/BackUp/UnityProject/LianaiYuTuili/Assets/Script/UIScript/UIManager/SystemUIManager.cs'
2017-08-16 13:11:09: 覆盖复制 'C:/File/UnityProject/LianaiYuTuili/LianaiYuTuili.csproj' -> '//LANDISK/BackUp/UnityProject/LianaiYuTuili/LianaiYuTuili.csproj'
2017-08-16 13:11:09: 覆盖复制 'C:/File/UnityProject/LianaiYuTuili/Library/assetDatabase3' -> '//LANDISK/BackUp/UnityProject/LianaiYuTuili/Library/assetDatabase3'
2017-08-16 13:11:09: 覆盖复制 'C:/File/UnityProject/LianaiYuTuili/Library/AssetServerCacheV3' -> '//LANDISK/BackUp/UnityProject/LianaiYuTuili/Library/AssetServerCacheV3'
2017-08-16 13:11:09: 覆盖复制 'C:/File/UnityProject/LianaiYuTuili/Library/CurrentLayout.dwlt' -> '//LANDISK/BackUp/UnityProject/LianaiYuTuili/Library/CurrentLayout.dwlt'
2017-08-16 13:11:09: 覆盖复制 'C:/File/UnityProject/LianaiYuTuili/Library/expandedItems' -> '//LANDISK/BackUp/UnityProject/LianaiYuTuili/Library/expandedItems'
2017-08-16 13:11:09: 覆盖复制 'C:/File/UnityProject/LianaiYuTuili/Library/InspectorExpandedItems.asset' -> '//LANDISK/BackUp/UnityProject/LianaiYuTuili/Library/InspectorExpandedItems.asset'
2017-08-16 13:11:09: 覆盖复制 'C:/File/UnityProject/LianaiYuTuili/Library/LastSceneManagerSetup.txt' -> '//LANDISK/BackUp/UnityProject/LianaiYuTuili/Library/LastSceneManagerSetup.txt'
2017-08-16 13:11:09: 覆盖复制 'C:/File/UnityProject/LianaiYuTuili/Library/metadata/01/01caca142a5d4524faa9518d7c2d54f6' -> '//LANDISK/BackUp/UnityProject/LianaiYuTuili/Library/metadata/01/01caca142a5d4524faa9518d7c2d54f6'
2017-08-16 13:11:09: 覆盖复制 'C:/File/UnityProject/LianaiYuTuili/Library/metadata/01/01caca142a5d4524faa9518d7c2d54f6.info' -> '//LANDISK/BackUp/UnityProject/LianaiYuTuili/Library/metadata/01/01caca142a5d4524faa9518d7c2d54f6.info'
2017-08-16 13:11:09: 新建复制 'C:/File/UnityProject/LianaiYuTuili/Library/metadata/0e/0e17a78653f6d994babd7ff95dff8687' -> '//LANDISK/BackUp/UnityProject/LianaiYuTuili/Library/metadata/0e/0e17a78653f6d994babd7ff95dff8687'
2017-08-16 13:11:09: 新建复制 'C:/File/UnityProject/LianaiYuTuili/Library/metadata/0e/0e17a78653f6d994babd7ff95dff8687.info' -> '//LANDISK/BackUp/UnityProject/LianaiYuTuili/Library/metadata/0e/0e17a78653f6d994babd7ff95dff8687.info'
2017-08-16 13:11:09: 覆盖复制 'C:/File/UnityProject/LianaiYuTuili/Library/metadata/1a/1aaa945c8bc2d61499f5228aff0bba9f' -> '//LANDISK/BackUp/UnityProject/LianaiYuTuili/Library/metadata/1a/1aaa945c8bc2d61499f5228aff0bba9f'
2017-08-16 13:11:09: 覆盖复制 'C:/File/UnityProject/LianaiYuTuili/Library/metadata/1a/1aaa945c8bc2d61499f5228aff0bba9f.info' -> '//LANDISK/BackUp/UnityProject/LianaiYuTuili/Library/metadata/1a/1aaa945c8bc2d61499f5228aff0bba9f.info'
2017-08-16 13:11:09: 新建复制 'C:/File/UnityProject/LianaiYuTuili/Library/metadata/1c/1c88710c7314d66428ecdfb1aa563c2c' -> '//LANDISK/BackUp/UnityProject/LianaiYuTuili/Library/metadata/1c/1c88710c7314d66428ecdfb1aa563c2c'
2017-08-16 13:11:09: 新建复制 'C:/File/UnityProject/LianaiYuTuili/Library/metadata/1c/1c88710c7314d66428ecdfb1aa563c2c.info' -> '//LANDISK/BackUp/UnityProject/LianaiYuTuili/Library/metadata/1c/1c88710c7314d66428ecdfb1aa563c2c.info'
2017-08-16 13:11:09: 覆盖复制 'C:/File/UnityProject/LianaiYuTuili/Library/metadata/1f/1f01c7e4c9df5a348a0b62fb43bdf84a' -> '//LANDISK/BackUp/UnityProject/LianaiYuTuili/Library/metadata/1f/1f01c7e4c9df5a348a0b62fb43bdf84a'
2017-08-16 13:11:10: 覆盖复制 'C:/File/UnityProject/LianaiYuTuili/Library/metadata/1f/1f01c7e4c9df5a348a0b62fb43bdf84a.info' -> '//LANDISK/BackUp/UnityProject/LianaiYuTuili/Library/metadata/1f/1f01c7e4c9df5a348a0b62fb43bdf84a.info'
2017-08-16 13:11:10: 覆盖复制 'C:/File/UnityProject/LianaiYuTuili/Library/metadata/22/226a1ec8f1f023d4aa557488bc986d6e' -> '//LANDISK/BackUp/UnityProject/LianaiYuTuili/Library/metadata/22/226a1ec8f1f023d4aa557488bc986d6e'
2017-08-16 13:11:10: 覆盖复制 'C:/File/UnityProject/LianaiYuTuili/Library/metadata/22/226a1ec8f1f023d4aa557488bc986d6e.info' -> '//LANDISK/BackUp/UnityProject/LianaiYuTuili/Library/metadata/22/226a1ec8f1f023d4aa557488bc986d6e.info'
2017-08-16 13:11:10: 覆盖复制 'C:/File/UnityProject/LianaiYuTuili/Library/metadata/27/2718e92b4998c2a4f9accdfe78a694c1' -> '//LANDISK/BackUp/UnityProject/LianaiYuTuili/Library/metadata/27/2718e92b4998c2a4f9accdfe78a694c1'
2017-08-16 13:11:10: 覆盖复制 'C:/File/UnityProject/LianaiYuTuili/Library/metadata/27/2718e92b4998c2a4f9accdfe78a694c1.info' -> '//LANDISK/BackUp/UnityProject/LianaiYuTuili/Library/metadata/27/2718e92b4998c2a4f9accdfe78a694c1.info'
2017-08-16 13:11:10: 新建复制 'C:/File/UnityProject/LianaiYuTuili/Library/metadata/28/286f332053bb6c04a9033747b77a9924' -> '//LANDISK/BackUp/UnityProject/LianaiYuTuili/Library/metadata/28/286f332053bb6c04a9033747b77a9924'
2017-08-16 13:11:10: 新建复制 'C:/File/UnityProject/LianaiYuTuili/Library/metadata/28/286f332053bb6c04a9033747b77a9924.info' -> '//LANDISK/BackUp/UnityProject/LianaiYuTuili/Library/metadata/28/286f332053bb6c04a9033747b77a9924.info'
2017-08-16 13:11:10: 覆盖复制 'C:/File/UnityProject/LianaiYuTuili/Library/metadata/2a/2a270f2117621bf489037b854cf50124' -> '//LANDISK/BackUp/UnityProject/LianaiYuTuili/Library/metadata/2a/2a270f2117621bf489037b854cf50124'
2017-08-16 13:11:10: 覆盖复制 'C:/File/UnityProject/LianaiYuTuili/Library/metadata/2a/2a270f2117621bf489037b854cf50124.info' -> '//LANDISK/BackUp/UnityProject/LianaiYuTuili/Library/metadata/2a/2a270f2117621bf489037b854cf50124.info'
2017-08-16 13:11:10: 覆盖复制 'C:/File/UnityProject/LianaiYuTuili/Library/metadata/2c/2c8f5deadfb65b9419d4c42c6ecec378' -> '//LANDISK/BackUp/UnityProject/LianaiYuTuili/Library/metadata/2c/2c8f5deadfb65b9419d4c42c6ecec378'
2017-08-16 13:11:10: 覆盖复制 'C:/File/UnityProject/LianaiYuTuili/Library/metadata/2c/2c8f5deadfb65b9419d4c42c6ecec378.info' -> '//LANDISK/BackUp/UnityProject/LianaiYuTuili/Library/metadata/2c/2c8f5deadfb65b9419d4c42c6ecec378.info'
2017-08-16 13:11:10: 覆盖复制 'C:/File/UnityProject/LianaiYuTuili/Library/metadata/34/34de3388f6b3cf147bad6a0be39b45d9' -> '//LANDISK/BackUp/UnityProject/LianaiYuTuili/Library/metadata/34/34de3388f6b3cf147bad6a0be39b45d9'
2017-08-16 13:11:10: 覆盖复制 'C:/File/UnityProject/LianaiYuTuili/Library/metadata/34/34de3388f6b3cf147bad6a0be39b45d9.info' -> '//LANDISK/BackUp/UnityProject/LianaiYuTuili/Library/metadata/34/34de3388f6b3cf147bad6a0be39b45d9.info'
2017-08-16 13:11:10: 覆盖复制 'C:/File/UnityProject/LianaiYuTuili/Library/metadata/3c/3c42032a05d0caf4483ed62c48f54039' -> '//LANDISK/BackUp/UnityProject/LianaiYuTuili/Library/metadata/3c/3c42032a05d0caf4483ed62c48f54039'
2017-08-16 13:11:10: 覆盖复制 'C:/File/UnityProject/LianaiYuTuili/Library/metadata/3c/3c42032a05d0caf4483ed62c48f54039.info' -> '//LANDISK/BackUp/UnityProject/LianaiYuTuili/Library/metadata/3c/3c42032a05d0caf4483ed62c48f54039.info'
2017-08-16 13:11:10: 覆盖复制 'C:/File/UnityProject/LianaiYuTuili/Library/metadata/40/40b0760105efb0c44aae7d8eefef43b0' -> '//LANDISK/BackUp/UnityProject/LianaiYuTuili/Library/metadata/40/40b0760105efb0c44aae7d8eefef43b0'
2017-08-16 13:11:10: 覆盖复制 'C:/File/UnityProject/LianaiYuTuili/Library/metadata/40/40b0760105efb0c44aae7d8eefef43b0.info' -> '//LANDISK/BackUp/UnityProject/LianaiYuTuili/Library/metadata/40/40b0760105efb0c44aae7d8eefef43b0.info'
2017-08-16 13:11:10: 新建复制 'C:/File/UnityProject/LianaiYuTuili/Library/metadata/49/49770920293f6fd44b10a3d00ea6f489' -> '//LANDISK/BackUp/UnityProject/LianaiYuTuili/Library/metadata/49/49770920293f6fd44b10a3d00ea6f489'
2017-08-16 13:11:10: 新建复制 'C:/File/UnityProject/LianaiYuTuili/Library/metadata/49/49770920293f6fd44b10a3d00ea6f489.info' -> '//LANDISK/BackUp/UnityProject/LianaiYuTuili/Library/metadata/49/49770920293f6fd44b10a3d00ea6f489.info'
2017-08-16 13:11:10: 覆盖复制 'C:/File/UnityProject/LianaiYuTuili/Library/metadata/5a/5a3cd885fa23662468ea227fea3d8d38' -> '//LANDISK/BackUp/UnityProject/LianaiYuTuili/Library/metadata/5a/5a3cd885fa23662468ea227fea3d8d38'
2017-08-16 13:11:10: 覆盖复制 'C:/File/UnityProject/LianaiYuTuili/Library/metadata/5a/5a3cd885fa23662468ea227fea3d8d38.info' -> '//LANDISK/BackUp/UnityProject/LianaiYuTuili/Library/metadata/5a/5a3cd885fa23662468ea227fea3d8d38.info'
2017-08-16 13:11:10: 覆盖复制 'C:/File/UnityProject/LianaiYuTuili/Library/metadata/68/68ab6dfaa92f6ee4e8c1ba0750965c71' -> '//LANDISK/BackUp/UnityProject/LianaiYuTuili/Library/metadata/68/68ab6dfaa92f6ee4e8c1ba0750965c71'
2017-08-16 13:11:10: 覆盖复制 'C:/File/UnityProject/LianaiYuTuili/Library/metadata/68/68ab6dfaa92f6ee4e8c1ba0750965c71.info' -> '//LANDISK/BackUp/UnityProject/LianaiYuTuili/Library/metadata/68/68ab6dfaa92f6ee4e8c1ba0750965c71.info'
2017-08-16 13:11:10: 新建复制 'C:/File/UnityProject/LianaiYuTuili/Library/metadata/70/704dee2c6de5b2d42b1dc1f58b2d1bb7' -> '//LANDISK/BackUp/UnityProject/LianaiYuTuili/Library/metadata/70/704dee2c6de5b2d42b1dc1f58b2d1bb7'
2017-08-16 13:11:10: 新建复制 'C:/File/UnityProject/LianaiYuTuili/Library/metadata/70/704dee2c6de5b2d42b1dc1f58b2d1bb7.info' -> '//LANDISK/BackUp/UnityProject/LianaiYuTuili/Library/metadata/70/704dee2c6de5b2d42b1dc1f58b2d1bb7.info'
2017-08-16 13:11:10: 覆盖复制 'C:/File/UnityProject/LianaiYuTuili/Library/metadata/7c/7ca4420e05e201c49be42f1ff8f12398' -> '//LANDISK/BackUp/UnityProject/LianaiYuTuili/Library/metadata/7c/7ca4420e05e201c49be42f1ff8f12398'
2017-08-16 13:11:10: 覆盖复制 'C:/File/UnityProject/LianaiYuTuili/Library/metadata/7c/7ca4420e05e201c49be42f1ff8f12398.info' -> '//LANDISK/BackUp/UnityProject/LianaiYuTuili/Library/metadata/7c/7ca4420e05e201c49be42f1ff8f12398.info'
2017-08-16 13:11:10: 新建复制 'C:/File/UnityProject/LianaiYuTuili/Library/metadata/7d/7d103e0d50046b541929d06f263d0152' -> '//LANDISK/BackUp/UnityProject/LianaiYuTuili/Library/metadata/7d/7d103e0d50046b541929d06f263d0152'
2017-08-16 13:11:10: 新建复制 'C:/File/UnityProject/LianaiYuTuili/Library/metadata/7d/7d103e0d50046b541929d06f263d0152.info' -> '//LANDISK/BackUp/UnityProject/LianaiYuTuili/Library/metadata/7d/7d103e0d50046b541929d06f263d0152.info'
2017-08-16 13:11:10: 覆盖复制 'C:/File/UnityProject/LianaiYuTuili/Library/metadata/91/91b9c06312e315246ba90b51354ac878' -> '//LANDISK/BackUp/UnityProject/LianaiYuTuili/Library/metadata/91/91b9c06312e315246ba90b51354ac878'
2017-08-16 13:11:10: 覆盖复制 'C:/File/UnityProject/LianaiYuTuili/Library/metadata/91/91b9c06312e315246ba90b51354ac878.info' -> '//LANDISK/BackUp/UnityProject/LianaiYuTuili/Library/metadata/91/91b9c06312e315246ba90b51354ac878.info'
2017-08-16 13:11:10: 新建复制 'C:/File/UnityProject/LianaiYuTuili/Library/metadata/96/968bbf0daaeb08040bb0a77b6cb3e064' -> '//LANDISK/BackUp/UnityProject/LianaiYuTuili/Library/metadata/96/968bbf0daaeb08040bb0a77b6cb3e064'
2017-08-16 13:11:10: 新建复制 'C:/File/UnityProject/LianaiYuTuili/Library/metadata/96/968bbf0daaeb08040bb0a77b6cb3e064.info' -> '//LANDISK/BackUp/UnityProject/LianaiYuTuili/Library/metadata/96/968bbf0daaeb08040bb0a77b6cb3e064.info'
2017-08-16 13:11:10: 覆盖复制 'C:/File/UnityProject/LianaiYuTuili/Library/metadata/9c/9cc48a7dd80eccb469d2667e4f0bbc14' -> '//LANDISK/BackUp/UnityProject/LianaiYuTuili/Library/metadata/9c/9cc48a7dd80eccb469d2667e4f0bbc14'
2017-08-16 13:11:10: 覆盖复制 'C:/File/UnityProject/LianaiYuTuili/Library/metadata/9c/9cc48a7dd80eccb469d2667e4f0bbc14.info' -> '//LANDISK/BackUp/UnityProject/LianaiYuTuili/Library/metadata/9c/9cc48a7dd80eccb469d2667e4f0bbc14.info'
2017-08-16 13:11:10: 覆盖复制 'C:/File/UnityProject/LianaiYuTuili/Library/metadata/9d/9d46759cf0efe7f4b8c1424137180fb5' -> '//LANDISK/BackUp/UnityProject/LianaiYuTuili/Library/metadata/9d/9d46759cf0efe7f4b8c1424137180fb5'
2017-08-16 13:11:11: 覆盖复制 'C:/File/UnityProject/LianaiYuTuili/Library/metadata/9d/9d46759cf0efe7f4b8c1424137180fb5.info' -> '//LANDISK/BackUp/UnityProject/LianaiYuTuili/Library/metadata/9d/9d46759cf0efe7f4b8c1424137180fb5.info'
2017-08-16 13:11:11: 覆盖复制 'C:/File/UnityProject/LianaiYuTuili/Library/metadata/9d/9d968026157655b409e410406d0953a6' -> '//LANDISK/BackUp/UnityProject/LianaiYuTuili/Library/metadata/9d/9d968026157655b409e410406d0953a6'
2017-08-16 13:11:11: 覆盖复制 'C:/File/UnityProject/LianaiYuTuili/Library/metadata/9d/9d968026157655b409e410406d0953a6.info' -> '//LANDISK/BackUp/UnityProject/LianaiYuTuili/Library/metadata/9d/9d968026157655b409e410406d0953a6.info'
2017-08-16 13:11:11: 覆盖复制 'C:/File/UnityProject/LianaiYuTuili/Library/metadata/9f/9ffb1afa005e5e245ad40ab73d347ca0' -> '//LANDISK/BackUp/UnityProject/LianaiYuTuili/Library/metadata/9f/9ffb1afa005e5e245ad40ab73d347ca0'
2017-08-16 13:11:11: 覆盖复制 'C:/File/UnityProject/LianaiYuTuili/Library/metadata/9f/9ffb1afa005e5e245ad40ab73d347ca0.info' -> '//LANDISK/BackUp/UnityProject/LianaiYuTuili/Library/metadata/9f/9ffb1afa005e5e245ad40ab73d347ca0.info'
2017-08-16 13:11:11: 覆盖复制 'C:/File/UnityProject/LianaiYuTuili/Library/metadata/a3/a3c3771b1f8d2ba47a56c8bf8bd4fc9d' -> '//LANDISK/BackUp/UnityProject/LianaiYuTuili/Library/metadata/a3/a3c3771b1f8d2ba47a56c8bf8bd4fc9d'
2017-08-16 13:11:11: 覆盖复制 'C:/File/UnityProject/LianaiYuTuili/Library/metadata/a3/a3c3771b1f8d2ba47a56c8bf8bd4fc9d.info' -> '//LANDISK/BackUp/UnityProject/LianaiYuTuili/Library/metadata/a3/a3c3771b1f8d2ba47a56c8bf8bd4fc9d.info'
2017-08-16 13:11:11: 覆盖复制 'C:/File/UnityProject/LianaiYuTuili/Library/metadata/a9/a9a6274115af3bf4e8b18c26c7a41456' -> '//LANDISK/BackUp/UnityProject/LianaiYuTuili/Library/metadata/a9/a9a6274115af3bf4e8b18c26c7a41456'
2017-08-16 13:11:11: 覆盖复制 'C:/File/UnityProject/LianaiYuTuili/Library/metadata/a9/a9a6274115af3bf4e8b18c26c7a41456.info' -> '//LANDISK/BackUp/UnityProject/LianaiYuTuili/Library/metadata/a9/a9a6274115af3bf4e8b18c26c7a41456.info'
2017-08-16 13:11:11: 覆盖复制 'C:/File/UnityProject/LianaiYuTuili/Library/metadata/af/af46b3531bc67474fbbc4a8b4e49b481' -> '//LANDISK/BackUp/UnityProject/LianaiYuTuili/Library/metadata/af/af46b3531bc67474fbbc4a8b4e49b481'
2017-08-16 13:11:11: 覆盖复制 'C:/File/UnityProject/LianaiYuTuili/Library/metadata/af/af46b3531bc67474fbbc4a8b4e49b481.info' -> '//LANDISK/BackUp/UnityProject/LianaiYuTuili/Library/metadata/af/af46b3531bc67474fbbc4a8b4e49b481.info'
2017-08-16 13:11:11: 覆盖复制 'C:/File/UnityProject/LianaiYuTuili/Library/metadata/b8/b8d0b44756bbe6943a7b517d7614bb02' -> '//LANDISK/BackUp/UnityProject/LianaiYuTuili/Library/metadata/b8/b8d0b44756bbe6943a7b517d7614bb02'
2017-08-16 13:11:11: 覆盖复制 'C:/File/UnityProject/LianaiYuTuili/Library/metadata/bb/bbefc72659f5f514fab91da0d6461cb9' -> '//LANDISK/BackUp/UnityProject/LianaiYuTuili/Library/metadata/bb/bbefc72659f5f514fab91da0d6461cb9'
2017-08-16 13:11:11: 覆盖复制 'C:/File/UnityProject/LianaiYuTuili/Library/metadata/bb/bbefc72659f5f514fab91da0d6461cb9.info' -> '//LANDISK/BackUp/UnityProject/LianaiYuTuili/Library/metadata/bb/bbefc72659f5f514fab91da0d6461cb9.info'
2017-08-16 13:11:11: 新建复制 'C:/File/UnityProject/LianaiYuTuili/Library/metadata/c1/c15cc8d8e2db9614f84163593f83ddde' -> '//LANDISK/BackUp/UnityProject/LianaiYuTuili/Library/metadata/c1/c15cc8d8e2db9614f84163593f83ddde'
2017-08-16 13:11:11: 新建复制 'C:/File/UnityProject/LianaiYuTuili/Library/metadata/c1/c15cc8d8e2db9614f84163593f83ddde.info' -> '//LANDISK/BackUp/UnityProject/LianaiYuTuili/Library/metadata/c1/c15cc8d8e2db9614f84163593f83ddde.info'
2017-08-16 13:11:11: 覆盖复制 'C:/File/UnityProject/LianaiYuTuili/Library/metadata/c3/c3f0c16b11a6c534cb06d46c5d193e29' -> '//LANDISK/BackUp/UnityProject/LianaiYuTuili/Library/metadata/c3/c3f0c16b11a6c534cb06d46c5d193e29'
2017-08-16 13:11:11: 覆盖复制 'C:/File/UnityProject/LianaiYuTuili/Library/metadata/c3/c3f0c16b11a6c534cb06d46c5d193e29.info' -> '//LANDISK/BackUp/UnityProject/LianaiYuTuili/Library/metadata/c3/c3f0c16b11a6c534cb06d46c5d193e29.info'
2017-08-16 13:11:11: 覆盖复制 'C:/File/UnityProject/LianaiYuTuili/Library/metadata/c5/c588b137ee3c1bf418189bb7eb359994' -> '//LANDISK/BackUp/UnityProject/LianaiYuTuili/Library/metadata/c5/c588b137ee3c1bf418189bb7eb359994'
2017-08-16 13:11:11: 覆盖复制 'C:/File/UnityProject/LianaiYuTuili/Library/metadata/c5/c588b137ee3c1bf418189bb7eb359994.info' -> '//LANDISK/BackUp/UnityProject/LianaiYuTuili/Library/metadata/c5/c588b137ee3c1bf418189bb7eb359994.info'
2017-08-16 13:11:11: 新建复制 'C:/File/UnityProject/LianaiYuTuili/Library/metadata/c6/c61abb6d42e42494997f56ae40d41dc3' -> '//LANDISK/BackUp/UnityProject/LianaiYuTuili/Library/metadata/c6/c61abb6d42e42494997f56ae40d41dc3'
2017-08-16 13:11:11: 新建复制 'C:/File/UnityProject/LianaiYuTuili/Library/metadata/c6/c61abb6d42e42494997f56ae40d41dc3.info' -> '//LANDISK/BackUp/UnityProject/LianaiYuTuili/Library/metadata/c6/c61abb6d42e42494997f56ae40d41dc3.info'
2017-08-16 13:11:11: 覆盖复制 'C:/File/UnityProject/LianaiYuTuili/Library/metadata/c7/c762cab1682dd2a498c7c5163a59b2be' -> '//LANDISK/BackUp/UnityProject/LianaiYuTuili/Library/metadata/c7/c762cab1682dd2a498c7c5163a59b2be'
2017-08-16 13:11:11: 覆盖复制 'C:/File/UnityProject/LianaiYuTuili/Library/metadata/c7/c762cab1682dd2a498c7c5163a59b2be.info' -> '//LANDISK/BackUp/UnityProject/LianaiYuTuili/Library/metadata/c7/c762cab1682dd2a498c7c5163a59b2be.info'
2017-08-16 13:11:11: 新建复制 'C:/File/UnityProject/LianaiYuTuili/Library/metadata/cd/cdeac55fc779f5d4698dfe5da6c830a5' -> '//LANDISK/BackUp/UnityProject/LianaiYuTuili/Library/metadata/cd/cdeac55fc779f5d4698dfe5da6c830a5'
2017-08-16 13:11:11: 新建复制 'C:/File/UnityProject/LianaiYuTuili/Library/metadata/cd/cdeac55fc779f5d4698dfe5da6c830a5.info' -> '//LANDISK/BackUp/UnityProject/LianaiYuTuili/Library/metadata/cd/cdeac55fc779f5d4698dfe5da6c830a5.info'
2017-08-16 13:11:11: 覆盖复制 'C:/File/UnityProject/LianaiYuTuili/Library/metadata/d4/d433b8e8145ab8a4ea77f50a01fa82b4' -> '//LANDISK/BackUp/UnityProject/LianaiYuTuili/Library/metadata/d4/d433b8e8145ab8a4ea77f50a01fa82b4'
2017-08-16 13:11:11: 覆盖复制 'C:/File/UnityProject/LianaiYuTuili/Library/metadata/d4/d433b8e8145ab8a4ea77f50a01fa82b4.info' -> '//LANDISK/BackUp/UnityProject/LianaiYuTuili/Library/metadata/d4/d433b8e8145ab8a4ea77f50a01fa82b4.info'
2017-08-16 13:11:11: 覆盖复制 'C:/File/UnityProject/LianaiYuTuili/Library/metadata/d5/d528cbb8e137778409252c27bac0037b' -> '//LANDISK/BackUp/UnityProject/LianaiYuTuili/Library/metadata/d5/d528cbb8e137778409252c27bac0037b'
2017-08-16 13:11:11: 覆盖复制 'C:/File/UnityProject/LianaiYuTuili/Library/metadata/d5/d528cbb8e137778409252c27bac0037b.info' -> '//LANDISK/BackUp/UnityProject/LianaiYuTuili/Library/metadata/d5/d528cbb8e137778409252c27bac0037b.info'
2017-08-16 13:11:11: 新建复制 'C:/File/UnityProject/LianaiYuTuili/Library/metadata/d7/d7346b5d18af4ec4f8d5785d8f97df8d' -> '//LANDISK/BackUp/UnityProject/LianaiYuTuili/Library/metadata/d7/d7346b5d18af4ec4f8d5785d8f97df8d'
2017-08-16 13:11:11: 新建复制 'C:/File/UnityProject/LianaiYuTuili/Library/metadata/d7/d7346b5d18af4ec4f8d5785d8f97df8d.info' -> '//LANDISK/BackUp/UnityProject/LianaiYuTuili/Library/metadata/d7/d7346b5d18af4ec4f8d5785d8f97df8d.info'
2017-08-16 13:11:11: 新建复制 'C:/File/UnityProject/LianaiYuTuili/Library/metadata/e8/e88e11fb122f9f94a9bf7bc3dd8ffa7f' -> '//LANDISK/BackUp/UnityProject/LianaiYuTuili/Library/metadata/e8/e88e11fb122f9f94a9bf7bc3dd8ffa7f'
2017-08-16 13:11:11: 新建复制 'C:/File/UnityProject/LianaiYuTuili/Library/metadata/e8/e88e11fb122f9f94a9bf7bc3dd8ffa7f.info' -> '//LANDISK/BackUp/UnityProject/LianaiYuTuili/Library/metadata/e8/e88e11fb122f9f94a9bf7bc3dd8ffa7f.info'
2017-08-16 13:11:11: 覆盖复制 'C:/File/UnityProject/LianaiYuTuili/Library/metadata/e9/e9dae42bb090fed4b864b46f667453b7' -> '//LANDISK/BackUp/UnityProject/LianaiYuTuili/Library/metadata/e9/e9dae42bb090fed4b864b46f667453b7'
2017-08-16 13:11:11: 覆盖复制 'C:/File/UnityProject/LianaiYuTuili/Library/metadata/e9/e9dae42bb090fed4b864b46f667453b7.info' -> '//LANDISK/BackUp/UnityProject/LianaiYuTuili/Library/metadata/e9/e9dae42bb090fed4b864b46f667453b7.info'
2017-08-16 13:11:11: 覆盖复制 'C:/File/UnityProject/LianaiYuTuili/Library/metadata/ed/edfa36196ba67ab4f95d13d92e0b5421' -> '//LANDISK/BackUp/UnityProject/LianaiYuTuili/Library/metadata/ed/edfa36196ba67ab4f95d13d92e0b5421'
2017-08-16 13:11:11: 覆盖复制 'C:/File/UnityProject/LianaiYuTuili/Library/metadata/ed/edfa36196ba67ab4f95d13d92e0b5421.info' -> '//LANDISK/BackUp/UnityProject/LianaiYuTuili/Library/metadata/ed/edfa36196ba67ab4f95d13d92e0b5421.info'
2017-08-16 13:11:11: 覆盖复制 'C:/File/UnityProject/LianaiYuTuili/Library/metadata/f4/f44b5182fb68b1040859c4cbfa8f8c7f' -> '//LANDISK/BackUp/UnityProject/LianaiYuTuili/Library/metadata/f4/f44b5182fb68b1040859c4cbfa8f8c7f'
2017-08-16 13:11:11: 覆盖复制 'C:/File/UnityProject/LianaiYuTuili/Library/metadata/f4/f44b5182fb68b1040859c4cbfa8f8c7f.info' -> '//LANDISK/BackUp/UnityProject/LianaiYuTuili/Library/metadata/f4/f44b5182fb68b1040859c4cbfa8f8c7f.info'
2017-08-16 13:11:12: 覆盖复制 'C:/File/UnityProject/LianaiYuTuili/Library/ScriptAssemblies/Assembly-CSharp-Editor.dll' -> '//LANDISK/BackUp/UnityProject/LianaiYuTuili/Library/ScriptAssemblies/Assembly-CSharp-Editor.dll'
2017-08-16 13:11:12: 覆盖复制 'C:/File/UnityProject/LianaiYuTuili/Library/ScriptAssemblies/Assembly-CSharp-Editor.dll.mdb' -> '//LANDISK/BackUp/UnityProject/LianaiYuTuili/Library/ScriptAssemblies/Assembly-CSharp-Editor.dll.mdb'
2017-08-16 13:11:12: 覆盖复制 'C:/File/UnityProject/LianaiYuTuili/Library/ScriptAssemblies/Assembly-CSharp-firstpass.dll' -> '//LANDISK/BackUp/UnityProject/LianaiYuTuili/Library/ScriptAssemblies/Assembly-CSharp-firstpass.dll'
2017-08-16 13:11:12: 覆盖复制 'C:/File/UnityProject/LianaiYuTuili/Library/ScriptAssemblies/Assembly-CSharp-firstpass.dll.mdb' -> '//LANDISK/BackUp/UnityProject/LianaiYuTuili/Library/ScriptAssemblies/Assembly-CSharp-firstpass.dll.mdb'
2017-08-16 13:11:12: 覆盖复制 'C:/File/UnityProject/LianaiYuTuili/Library/ScriptAssemblies/Assembly-CSharp.dll' -> '//LANDISK/BackUp/UnityProject/LianaiYuTuili/Library/ScriptAssemblies/Assembly-CSharp.dll'
2017-08-16 13:11:12: 覆盖复制 'C:/File/UnityProject/LianaiYuTuili/Library/ScriptAssemblies/Assembly-CSharp.dll.mdb' -> '//LANDISK/BackUp/UnityProject/LianaiYuTuili/Library/ScriptAssemblies/Assembly-CSharp.dll.mdb'
2017-08-16 13:11:12: 覆盖复制 'C:/File/UnityProject/LianaiYuTuili/Library/ScriptAssemblies/BuiltinAssemblies.stamp' -> '//LANDISK/BackUp/UnityProject/LianaiYuTuili/Library/ScriptAssemblies/BuiltinAssemblies.stamp'
2017-08-16 13:11:12: 覆盖复制 'C:/File/UnityProject/LianaiYuTuili/Library/ScriptMapper' -> '//LANDISK/BackUp/UnityProject/LianaiYuTuili/Library/ScriptMapper'
2017-08-16 13:11:12: 覆盖复制 'C:/File/UnityProject/LianaiYuTuili/Library/shadercompiler-UnityShaderCompiler.exe0.log' -> '//LANDISK/BackUp/UnityProject/LianaiYuTuili/Library/shadercompiler-UnityShaderCompiler.exe0.log'
2017-08-16 13:11:12: ===== ：同步完毕。时间：00:00:04，速度： 2.66 MB/s =====, 项目同步未必： 152，错误： 0
2017-08-16 13:11:12: 
