2018-01-05 02:15:02: -- 分析开始 User Command
2018-01-05 02:15:03: 变更：182， 冲突：， 复制时间：， 复制状态：， 错误： , All: 11640
2018-01-05 02:15:03: Left to Right: Copy File: 143 Delete File: 25 Rename/Move File/Folder: 14 
2018-01-05 02:15:03: -- 分析已结束。历时 00:00:01, 速度： 11K 文件/秒
2018-01-05 02:15:03: 
2018-01-05 02:15:15: == 同步开始由 User Command
2018-01-05 02:15:15: 删除文件 'D:/LianaiYuTuili/Assets/Resources/JSON/DetectDebug/invest_sample.json.meta'
2018-01-05 02:15:15: 删除文件 'D:/LianaiYuTuili/Assets/Resources/JSON/detest1.json.meta'
2018-01-05 02:15:15: 删除文件 'D:/LianaiYuTuili/Assets/Resources/JSON/EnquireDebug/enquire_sample.json'
2018-01-05 02:15:15: 删除文件 'D:/LianaiYuTuili/Assets/Resources/JSON/EnquireDebug/enquire_sample.json.meta'
2018-01-05 02:15:15: 删除文件 'D:/LianaiYuTuili/Assets/Resources/JSON/test-enquire.txt.meta'
2018-01-05 02:15:15: 删除文件 'D:/LianaiYuTuili/Assets/Resources/JSON/test.txt.meta'
2018-01-05 02:15:15: 删除文件 'D:/LianaiYuTuili/Assets/Resources/JSON/test_script.txt.meta'
2018-01-05 02:15:15: 删除文件 'D:/LianaiYuTuili/Assets/Resources/JSON/testMapEvents.json.meta'
2018-01-05 02:15:15: 删除文件 'D:/LianaiYuTuili/Assets/Resources/JSON/testplace.txt.meta'
2018-01-05 02:15:15: 删除文件 'D:/LianaiYuTuili/Library/metadata/04/04e4a548dec3f0f42b02e7819b7bbfc3'
2018-01-05 02:15:15: 删除文件 'D:/LianaiYuTuili/Library/metadata/04/04e4a548dec3f0f42b02e7819b7bbfc3.info'
2018-01-05 02:15:15: 删除文件 'D:/LianaiYuTuili/Library/metadata/73/73f321e8873f14041936c48e2847d0a7'
2018-01-05 02:15:15: 删除文件 'D:/LianaiYuTuili/Library/metadata/73/73f321e8873f14041936c48e2847d0a7.info'
2018-01-05 02:15:15: 删除文件 'D:/LianaiYuTuili/Library/metadata/af/af0cf6ab7e9fba4459ef275e85e16935'
2018-01-05 02:15:15: 删除文件 'D:/LianaiYuTuili/Library/metadata/af/af0cf6ab7e9fba4459ef275e85e16935.info'
2018-01-05 02:15:15: 删除文件 'D:/LianaiYuTuili/Library/metadata/c8/c87acac99f9559a4fac7a4d8d2b5864c'
2018-01-05 02:15:15: 删除文件 'D:/LianaiYuTuili/Library/metadata/c8/c87acac99f9559a4fac7a4d8d2b5864c.info'
2018-01-05 02:15:15: 删除文件 'D:/LianaiYuTuili/Library/metadata/ce/ceb2eab2d2b6c2441a93a9fdc2eb5a20'
2018-01-05 02:15:15: 删除文件 'D:/LianaiYuTuili/Library/metadata/ce/ceb2eab2d2b6c2441a93a9fdc2eb5a20.info'
2018-01-05 02:15:15: 删除文件 'D:/LianaiYuTuili/Library/metadata/d0/d03d9a18554bd8844b420e4d2f2a491f'
2018-01-05 02:15:15: 删除文件 'D:/LianaiYuTuili/Library/metadata/d0/d03d9a18554bd8844b420e4d2f2a491f.info'
2018-01-05 02:15:15: 删除文件 'D:/LianaiYuTuili/Library/metadata/e9/e9d69899f7ded724db3287d97d4e4a7c'
2018-01-05 02:15:15: 删除文件 'D:/LianaiYuTuili/Library/metadata/e9/e9d69899f7ded724db3287d97d4e4a7c.info'
2018-01-05 02:15:15: 删除文件 'D:/LianaiYuTuili/Library/metadata/fc/fce42ca0c46ea3d44bf6238db8e75aee'
2018-01-05 02:15:15: 删除文件 'D:/LianaiYuTuili/Library/metadata/fc/fce42ca0c46ea3d44bf6238db8e75aee.info'
2018-01-05 02:15:15: 创建文件夹 'D:/LianaiYuTuili/JsonSample'
2018-01-05 02:15:15: 覆盖复制 'C:/File/UnityProject/LianaiYuTuili/.git/COMMIT_EDITMSG' -> 'D:/LianaiYuTuili/.git/COMMIT_EDITMSG'
2018-01-05 02:15:15: 覆盖复制 'C:/File/UnityProject/LianaiYuTuili/.git/index' -> 'D:/LianaiYuTuili/.git/index'
2018-01-05 02:15:15: 覆盖复制 'C:/File/UnityProject/LianaiYuTuili/.git/logs/HEAD' -> 'D:/LianaiYuTuili/.git/logs/HEAD'
2018-01-05 02:15:15: 覆盖复制 'C:/File/UnityProject/LianaiYuTuili/.git/logs/refs/heads/deve' -> 'D:/LianaiYuTuili/.git/logs/refs/heads/deve'
2018-01-05 02:15:15: 新建复制 'C:/File/UnityProject/LianaiYuTuili/.git/objects/04/8a5ada81105e54a8ea0bea025d864d49f6a851' -> 'D:/LianaiYuTuili/.git/objects/04/8a5ada81105e54a8ea0bea025d864d49f6a851'
2018-01-05 02:15:15: 新建复制 'C:/File/UnityProject/LianaiYuTuili/.git/objects/07/0d137169cfe6ba474ec0f13ab2f3c9a06eb21e' -> 'D:/LianaiYuTuili/.git/objects/07/0d137169cfe6ba474ec0f13ab2f3c9a06eb21e'
2018-01-05 02:15:15: 新建复制 'C:/File/UnityProject/LianaiYuTuili/.git/objects/0a/14bd53d881342c9d0697408d214fb63593b2c2' -> 'D:/LianaiYuTuili/.git/objects/0a/14bd53d881342c9d0697408d214fb63593b2c2'
2018-01-05 02:15:15: 新建复制 'C:/File/UnityProject/LianaiYuTuili/.git/objects/0b/e2b3f095dcc5da2f20a4b3bd18931227d22a0a' -> 'D:/LianaiYuTuili/.git/objects/0b/e2b3f095dcc5da2f20a4b3bd18931227d22a0a'
2018-01-05 02:15:15: 新建复制 'C:/File/UnityProject/LianaiYuTuili/.git/objects/0e/13302c05cf8491c9b9621a5b6103100ca02d77' -> 'D:/LianaiYuTuili/.git/objects/0e/13302c05cf8491c9b9621a5b6103100ca02d77'
2018-01-05 02:15:15: 新建复制 'C:/File/UnityProject/LianaiYuTuili/.git/objects/16/c85100d4099868014d06b67a3b15e3796c3599' -> 'D:/LianaiYuTuili/.git/objects/16/c85100d4099868014d06b67a3b15e3796c3599'
2018-01-05 02:15:15: 新建复制 'C:/File/UnityProject/LianaiYuTuili/.git/objects/19/0abff75177659e137959655bb4b7aaccfab89c' -> 'D:/LianaiYuTuili/.git/objects/19/0abff75177659e137959655bb4b7aaccfab89c'
2018-01-05 02:15:15: 新建复制 'C:/File/UnityProject/LianaiYuTuili/.git/objects/1a/9c52182682a25ab02d2b346c9265a80593434c' -> 'D:/LianaiYuTuili/.git/objects/1a/9c52182682a25ab02d2b346c9265a80593434c'
2018-01-05 02:15:15: 新建复制 'C:/File/UnityProject/LianaiYuTuili/.git/objects/1e/bf7881229f4d20d1028112fa2a13fc00870097' -> 'D:/LianaiYuTuili/.git/objects/1e/bf7881229f4d20d1028112fa2a13fc00870097'
2018-01-05 02:15:15: 新建复制 'C:/File/UnityProject/LianaiYuTuili/.git/objects/22/7a2c884c03f5fb7a732a9399f5b6cfe93cdb30' -> 'D:/LianaiYuTuili/.git/objects/22/7a2c884c03f5fb7a732a9399f5b6cfe93cdb30'
2018-01-05 02:15:15: 新建复制 'C:/File/UnityProject/LianaiYuTuili/.git/objects/29/c8c4a4bb5ccff128449347830f1d86d465a155' -> 'D:/LianaiYuTuili/.git/objects/29/c8c4a4bb5ccff128449347830f1d86d465a155'
2018-01-05 02:15:15: 新建复制 'C:/File/UnityProject/LianaiYuTuili/.git/objects/2e/bb28b8cda43d5421ee664ef98cb5895f15db6f' -> 'D:/LianaiYuTuili/.git/objects/2e/bb28b8cda43d5421ee664ef98cb5895f15db6f'
2018-01-05 02:15:15: 新建复制 'C:/File/UnityProject/LianaiYuTuili/.git/objects/30/cc61db8d3fe34315828fbb6ba9f67e4997547d' -> 'D:/LianaiYuTuili/.git/objects/30/cc61db8d3fe34315828fbb6ba9f67e4997547d'
2018-01-05 02:15:15: 新建复制 'C:/File/UnityProject/LianaiYuTuili/.git/objects/36/912406ae5c9ea9996cb77adb8b11399cd5175b' -> 'D:/LianaiYuTuili/.git/objects/36/912406ae5c9ea9996cb77adb8b11399cd5175b'
2018-01-05 02:15:15: 新建复制 'C:/File/UnityProject/LianaiYuTuili/.git/objects/38/22cad045c3069bad9180bdca717b7ccae63d6d' -> 'D:/LianaiYuTuili/.git/objects/38/22cad045c3069bad9180bdca717b7ccae63d6d'
2018-01-05 02:15:15: 新建复制 'C:/File/UnityProject/LianaiYuTuili/.git/objects/38/ecf190b1378d19fd4e6d836a589094c30c2556' -> 'D:/LianaiYuTuili/.git/objects/38/ecf190b1378d19fd4e6d836a589094c30c2556'
2018-01-05 02:15:15: 新建复制 'C:/File/UnityProject/LianaiYuTuili/.git/objects/40/34e05eab00c7d5f92ae0c878da41755e4ebfe0' -> 'D:/LianaiYuTuili/.git/objects/40/34e05eab00c7d5f92ae0c878da41755e4ebfe0'
2018-01-05 02:15:15: 新建复制 'C:/File/UnityProject/LianaiYuTuili/.git/objects/41/8540e8ff4d5a355d1a4b34cecbb6e69c92eb31' -> 'D:/LianaiYuTuili/.git/objects/41/8540e8ff4d5a355d1a4b34cecbb6e69c92eb31'
2018-01-05 02:15:15: 新建复制 'C:/File/UnityProject/LianaiYuTuili/.git/objects/44/7fc4575cb96393aeac11832cb4a286e75874e6' -> 'D:/LianaiYuTuili/.git/objects/44/7fc4575cb96393aeac11832cb4a286e75874e6'
2018-01-05 02:15:15: 新建复制 'C:/File/UnityProject/LianaiYuTuili/.git/objects/4d/f9b7eff416282622ed02476282d2c48d60237d' -> 'D:/LianaiYuTuili/.git/objects/4d/f9b7eff416282622ed02476282d2c48d60237d'
2018-01-05 02:15:15: 新建复制 'C:/File/UnityProject/LianaiYuTuili/.git/objects/4f/5c6fed0390397a6ae5490584245ca6cf7ccb8c' -> 'D:/LianaiYuTuili/.git/objects/4f/5c6fed0390397a6ae5490584245ca6cf7ccb8c'
2018-01-05 02:15:15: 新建复制 'C:/File/UnityProject/LianaiYuTuili/.git/objects/51/376cb1011bd43e5a0d1fa68886a83f9b6a9bfa' -> 'D:/LianaiYuTuili/.git/objects/51/376cb1011bd43e5a0d1fa68886a83f9b6a9bfa'
2018-01-05 02:15:15: 新建复制 'C:/File/UnityProject/LianaiYuTuili/.git/objects/53/f22f847775898088a37aa06110eae6000ae06f' -> 'D:/LianaiYuTuili/.git/objects/53/f22f847775898088a37aa06110eae6000ae06f'
2018-01-05 02:15:15: 新建复制 'C:/File/UnityProject/LianaiYuTuili/.git/objects/65/06a50bf060f248692026413f7ca8260db5f1d4' -> 'D:/LianaiYuTuili/.git/objects/65/06a50bf060f248692026413f7ca8260db5f1d4'
2018-01-05 02:15:15: 覆盖复制 'C:/File/UnityProject/LianaiYuTuili/.git/objects/69/a81441886dee143d34cc7cb9b9cc9e14a839b4' -> 'D:/LianaiYuTuili/.git/objects/69/a81441886dee143d34cc7cb9b9cc9e14a839b4'
2018-01-05 02:15:15: 新建复制 'C:/File/UnityProject/LianaiYuTuili/.git/objects/6e/db3cc2eede453a70573fe60cb404af78eddbe1' -> 'D:/LianaiYuTuili/.git/objects/6e/db3cc2eede453a70573fe60cb404af78eddbe1'
2018-01-05 02:15:15: 新建复制 'C:/File/UnityProject/LianaiYuTuili/.git/objects/73/94b64ced613200241859fa1e37d7269d57db10' -> 'D:/LianaiYuTuili/.git/objects/73/94b64ced613200241859fa1e37d7269d57db10'
2018-01-05 02:15:15: 新建复制 'C:/File/UnityProject/LianaiYuTuili/.git/objects/7b/a4c14dd3086a7d6df0abd61f6dbbc8545d65bd' -> 'D:/LianaiYuTuili/.git/objects/7b/a4c14dd3086a7d6df0abd61f6dbbc8545d65bd'
2018-01-05 02:15:15: 新建复制 'C:/File/UnityProject/LianaiYuTuili/.git/objects/7d/e25e2ea3ebfa1b3cb3e275ece86a042b67fa2c' -> 'D:/LianaiYuTuili/.git/objects/7d/e25e2ea3ebfa1b3cb3e275ece86a042b67fa2c'
2018-01-05 02:15:15: 新建复制 'C:/File/UnityProject/LianaiYuTuili/.git/objects/8d/cac9201f8c5ff47404b36b623579116bf1a346' -> 'D:/LianaiYuTuili/.git/objects/8d/cac9201f8c5ff47404b36b623579116bf1a346'
2018-01-05 02:15:15: 新建复制 'C:/File/UnityProject/LianaiYuTuili/.git/objects/9e/0c181adc1b89fa46f30932aad5558b793b5f6e' -> 'D:/LianaiYuTuili/.git/objects/9e/0c181adc1b89fa46f30932aad5558b793b5f6e'
2018-01-05 02:15:15: 新建复制 'C:/File/UnityProject/LianaiYuTuili/.git/objects/9f/aa0c068a1e798299ce57b1191c438abaf76cfc' -> 'D:/LianaiYuTuili/.git/objects/9f/aa0c068a1e798299ce57b1191c438abaf76cfc'
2018-01-05 02:15:15: 新建复制 'C:/File/UnityProject/LianaiYuTuili/.git/objects/a0/a1834f4fcc1150a9d3341fc20f31fbd75730db' -> 'D:/LianaiYuTuili/.git/objects/a0/a1834f4fcc1150a9d3341fc20f31fbd75730db'
2018-01-05 02:15:15: 新建复制 'C:/File/UnityProject/LianaiYuTuili/.git/objects/a2/c349bd40daac857f9c5a38cdaef4856662e70e' -> 'D:/LianaiYuTuili/.git/objects/a2/c349bd40daac857f9c5a38cdaef4856662e70e'
2018-01-05 02:15:15: 新建复制 'C:/File/UnityProject/LianaiYuTuili/.git/objects/a6/3e4e6ad74741d6e02c9bdaac6fc4454b5810e7' -> 'D:/LianaiYuTuili/.git/objects/a6/3e4e6ad74741d6e02c9bdaac6fc4454b5810e7'
2018-01-05 02:15:15: 新建复制 'C:/File/UnityProject/LianaiYuTuili/.git/objects/ab/5d6aa8413125a9ce1c8068f0db03bac0eef4bf' -> 'D:/LianaiYuTuili/.git/objects/ab/5d6aa8413125a9ce1c8068f0db03bac0eef4bf'
2018-01-05 02:15:15: 新建复制 'C:/File/UnityProject/LianaiYuTuili/.git/objects/ab/7e93b5c80c3ef4c88f10c9a2087fbf14d47af7' -> 'D:/LianaiYuTuili/.git/objects/ab/7e93b5c80c3ef4c88f10c9a2087fbf14d47af7'
2018-01-05 02:15:15: 新建复制 'C:/File/UnityProject/LianaiYuTuili/.git/objects/ac/339f3956235c15c61b8271da128615920ae875' -> 'D:/LianaiYuTuili/.git/objects/ac/339f3956235c15c61b8271da128615920ae875'
2018-01-05 02:15:15: 新建复制 'C:/File/UnityProject/LianaiYuTuili/.git/objects/ac/fb30dd46482f9b59f1bbfc3a125270eb82cb20' -> 'D:/LianaiYuTuili/.git/objects/ac/fb30dd46482f9b59f1bbfc3a125270eb82cb20'
2018-01-05 02:15:15: 新建复制 'C:/File/UnityProject/LianaiYuTuili/.git/objects/b0/98d6f0a7bf2353a37cd36a329aef4fc98349a0' -> 'D:/LianaiYuTuili/.git/objects/b0/98d6f0a7bf2353a37cd36a329aef4fc98349a0'
2018-01-05 02:15:15: 新建复制 'C:/File/UnityProject/LianaiYuTuili/.git/objects/b7/f7b552a548cdf071568cebfe75f390b144782d' -> 'D:/LianaiYuTuili/.git/objects/b7/f7b552a548cdf071568cebfe75f390b144782d'
2018-01-05 02:15:15: 新建复制 'C:/File/UnityProject/LianaiYuTuili/.git/objects/bc/6178d5b4423ac118dec3b018a1779923a5f169' -> 'D:/LianaiYuTuili/.git/objects/bc/6178d5b4423ac118dec3b018a1779923a5f169'
2018-01-05 02:15:15: 新建复制 'C:/File/UnityProject/LianaiYuTuili/.git/objects/be/60c505ccb9116c841436f813eae21273bb2e25' -> 'D:/LianaiYuTuili/.git/objects/be/60c505ccb9116c841436f813eae21273bb2e25'
2018-01-05 02:15:15: 新建复制 'C:/File/UnityProject/LianaiYuTuili/.git/objects/c6/44b9e963d135773c9967a878d0d77632b460db' -> 'D:/LianaiYuTuili/.git/objects/c6/44b9e963d135773c9967a878d0d77632b460db'
2018-01-05 02:15:15: 新建复制 'C:/File/UnityProject/LianaiYuTuili/.git/objects/c9/6e1b5fcddd52cc7aae8319db72ce1afdc6fba2' -> 'D:/LianaiYuTuili/.git/objects/c9/6e1b5fcddd52cc7aae8319db72ce1afdc6fba2'
2018-01-05 02:15:15: 新建复制 'C:/File/UnityProject/LianaiYuTuili/.git/objects/cb/be3cbd1a7b25fe912cf9158ce13e04ca5f9362' -> 'D:/LianaiYuTuili/.git/objects/cb/be3cbd1a7b25fe912cf9158ce13e04ca5f9362'
2018-01-05 02:15:15: 新建复制 'C:/File/UnityProject/LianaiYuTuili/.git/objects/dd/ec6673c6ad346caeea75ef60d58113c2917637' -> 'D:/LianaiYuTuili/.git/objects/dd/ec6673c6ad346caeea75ef60d58113c2917637'
2018-01-05 02:15:15: 新建复制 'C:/File/UnityProject/LianaiYuTuili/.git/objects/e7/bada0e9c7fd1c25a3782653d13c8f8dc113f29' -> 'D:/LianaiYuTuili/.git/objects/e7/bada0e9c7fd1c25a3782653d13c8f8dc113f29'
2018-01-05 02:15:15: 新建复制 'C:/File/UnityProject/LianaiYuTuili/.git/objects/ea/612ae866cd77808dbb6865ef9b789a64039b5d' -> 'D:/LianaiYuTuili/.git/objects/ea/612ae866cd77808dbb6865ef9b789a64039b5d'
2018-01-05 02:15:15: 新建复制 'C:/File/UnityProject/LianaiYuTuili/.git/objects/ed/2abf60a9f9d30ba4b97300356a0b4ad5e5140f' -> 'D:/LianaiYuTuili/.git/objects/ed/2abf60a9f9d30ba4b97300356a0b4ad5e5140f'
2018-01-05 02:15:15: 新建复制 'C:/File/UnityProject/LianaiYuTuili/.git/objects/f6/3d3554272c8135a73a9893d2837f6091fbf59b' -> 'D:/LianaiYuTuili/.git/objects/f6/3d3554272c8135a73a9893d2837f6091fbf59b'
2018-01-05 02:15:15: 新建复制 'C:/File/UnityProject/LianaiYuTuili/.git/objects/f8/ffb5e34bd92bd6a213c2eac3708bab2fd636e3' -> 'D:/LianaiYuTuili/.git/objects/f8/ffb5e34bd92bd6a213c2eac3708bab2fd636e3'
2018-01-05 02:15:15: 覆盖复制 'C:/File/UnityProject/LianaiYuTuili/.git/objects/pack/pack-c5f440111b4539725e024a169bde367a2caf2cbe.pack' -> 'D:/LianaiYuTuili/.git/objects/pack/pack-c5f440111b4539725e024a169bde367a2caf2cbe.pack'
2018-01-05 02:15:15: 覆盖复制 'C:/File/UnityProject/LianaiYuTuili/.git/refs/heads/deve' -> 'D:/LianaiYuTuili/.git/refs/heads/deve'
2018-01-05 02:15:15: 覆盖复制 'C:/File/UnityProject/LianaiYuTuili/.vs/LianaiYuTuili/v14/.suo' -> 'D:/LianaiYuTuili/.vs/LianaiYuTuili/v14/.suo'
2018-01-05 02:15:15: 移动文件 D:/LianaiYuTuili/Assets/Resources/JSON/DetectDebug/invest_sample.json -> D:/LianaiYuTuili/JsonSample/invest_sample.json
2018-01-05 02:15:15: 移动文件 D:/LianaiYuTuili/Assets/Resources/JSON/detest1.json -> D:/LianaiYuTuili/JsonSample/detest1.json
2018-01-05 02:15:15: 覆盖复制 'C:/File/UnityProject/LianaiYuTuili/Assets/Resources/JSON/EnquireDebug/enquire.json' -> 'D:/LianaiYuTuili/Assets/Resources/JSON/EnquireDebug/enquire.json'
2018-01-05 02:15:15: 覆盖复制 'C:/File/UnityProject/LianaiYuTuili/Assets/Resources/JSON/ReasoningDebug/reasoning.json' -> 'D:/LianaiYuTuili/Assets/Resources/JSON/ReasoningDebug/reasoning.json'
2018-01-05 02:15:15: 移动文件 D:/LianaiYuTuili/Assets/Resources/JSON/test-enquire.txt -> D:/LianaiYuTuili/JsonSample/test-enquire.txt
2018-01-05 02:15:15: 移动文件 D:/LianaiYuTuili/Assets/Resources/JSON/test.txt -> D:/LianaiYuTuili/JsonSample/test.txt
2018-01-05 02:15:15: 移动文件 D:/LianaiYuTuili/Assets/Resources/JSON/test_script.txt -> D:/LianaiYuTuili/JsonSample/test_script.txt
2018-01-05 02:15:15: 移动文件 D:/LianaiYuTuili/Assets/Resources/JSON/testMapEvents.json -> D:/LianaiYuTuili/JsonSample/testMapEvents.json
2018-01-05 02:15:15: 移动文件 D:/LianaiYuTuili/Assets/Resources/JSON/testplace.txt -> D:/LianaiYuTuili/JsonSample/testplace.txt
2018-01-05 02:15:15: 覆盖复制 'C:/File/UnityProject/LianaiYuTuili/Assets/Scene/main.unity' -> 'D:/LianaiYuTuili/Assets/Scene/main.unity'
2018-01-05 02:15:15: 覆盖复制 'C:/File/UnityProject/LianaiYuTuili/Assets/Script/GameStruct/Data/InTurnData.cs' -> 'D:/LianaiYuTuili/Assets/Script/GameStruct/Data/InTurnData.cs'
2018-01-05 02:15:15: 覆盖复制 'C:/File/UnityProject/LianaiYuTuili/Assets/Script/GameStruct/DataManager.cs' -> 'D:/LianaiYuTuili/Assets/Script/GameStruct/DataManager.cs'
2018-01-05 02:15:15: 覆盖复制 'C:/File/UnityProject/LianaiYuTuili/Assets/Script/GameStruct/EduSystem/EduManager.cs' -> 'D:/LianaiYuTuili/Assets/Script/GameStruct/EduSystem/EduManager.cs'
2018-01-05 02:15:15: 覆盖复制 'C:/File/UnityProject/LianaiYuTuili/Assets/Script/GameStruct/EventSystem/EventManager.cs' -> 'D:/LianaiYuTuili/Assets/Script/GameStruct/EventSystem/EventManager.cs'
2018-01-05 02:15:15: 覆盖复制 'C:/File/UnityProject/LianaiYuTuili/Assets/Script/GameStruct/Model/EnquireBreak.cs' -> 'D:/LianaiYuTuili/Assets/Script/GameStruct/Model/EnquireBreak.cs'
2018-01-05 02:15:15: 覆盖复制 'C:/File/UnityProject/LianaiYuTuili/Assets/Script/GameStruct/Model/ReasoningEvidence.cs' -> 'D:/LianaiYuTuili/Assets/Script/GameStruct/Model/ReasoningEvidence.cs'
2018-01-05 02:15:15: 覆盖复制 'C:/File/UnityProject/LianaiYuTuili/Assets/Script/GameStruct/Node/Text/EviPiece.cs' -> 'D:/LianaiYuTuili/Assets/Script/GameStruct/Node/Text/EviPiece.cs'
2018-01-05 02:15:15: 覆盖复制 'C:/File/UnityProject/LianaiYuTuili/Assets/Script/GameStruct/Node/Text/HPPiece.cs' -> 'D:/LianaiYuTuili/Assets/Script/GameStruct/Node/Text/HPPiece.cs'
2018-01-05 02:15:15: 覆盖复制 'C:/File/UnityProject/LianaiYuTuili/Assets/Script/TextScripts/demo/demo06_1x.cs' -> 'D:/LianaiYuTuili/Assets/Script/TextScripts/demo/demo06_1x.cs'
2018-01-05 02:15:15: 覆盖复制 'C:/File/UnityProject/LianaiYuTuili/Assets/Script/TextScripts/demo/demo06_x.cs' -> 'D:/LianaiYuTuili/Assets/Script/TextScripts/demo/demo06_x.cs'
2018-01-05 02:15:15: 覆盖复制 'C:/File/UnityProject/LianaiYuTuili/Assets/Script/TextScripts/demo/demo08_x.cs' -> 'D:/LianaiYuTuili/Assets/Script/TextScripts/demo/demo08_x.cs'
2018-01-05 02:15:15: 覆盖复制 'C:/File/UnityProject/LianaiYuTuili/Assets/Script/UIScript/PanelSwitch/EduAnimation.cs' -> 'D:/LianaiYuTuili/Assets/Script/UIScript/PanelSwitch/EduAnimation.cs'
2018-01-05 02:15:15: 覆盖复制 'C:/File/UnityProject/LianaiYuTuili/Assets/Script/UIScript/PanelSwitch/TitleAnimation.cs' -> 'D:/LianaiYuTuili/Assets/Script/UIScript/PanelSwitch/TitleAnimation.cs'
2018-01-05 02:15:15: 覆盖复制 'C:/File/UnityProject/LianaiYuTuili/Assets/Script/UIScript/UIManager/EnquireUIManager.cs' -> 'D:/LianaiYuTuili/Assets/Script/UIScript/UIManager/EnquireUIManager.cs'
2018-01-05 02:15:15: 覆盖复制 'C:/File/UnityProject/LianaiYuTuili/Assets/Script/UIScript/UIManager/EviGetUIManager.cs' -> 'D:/LianaiYuTuili/Assets/Script/UIScript/UIManager/EviGetUIManager.cs'
2018-01-05 02:15:15: 覆盖复制 'C:/File/UnityProject/LianaiYuTuili/Assets/Script/UIScript/UIManager/HPMPUIManager.cs' -> 'D:/LianaiYuTuili/Assets/Script/UIScript/UIManager/HPMPUIManager.cs'
2018-01-05 02:15:15: 覆盖复制 'C:/File/UnityProject/LianaiYuTuili/Assets/Script/UIScript/UIManager/ReasoningUIManager.cs' -> 'D:/LianaiYuTuili/Assets/Script/UIScript/UIManager/ReasoningUIManager.cs'
2018-01-05 02:15:15: 覆盖复制 'C:/File/UnityProject/LianaiYuTuili/Assets/Script/UIScript/UIManager/TitleUIManager.cs' -> 'D:/LianaiYuTuili/Assets/Script/UIScript/UIManager/TitleUIManager.cs'
2018-01-05 02:15:15: 新建复制 'C:/File/UnityProject/LianaiYuTuili/JsonSample/enquire_sample.json' -> 'D:/LianaiYuTuili/JsonSample/enquire_sample.json'
2018-01-05 02:15:15: 覆盖复制 'C:/File/UnityProject/LianaiYuTuili/LianaiYuTuili.csproj' -> 'D:/LianaiYuTuili/LianaiYuTuili.csproj'
2018-01-05 02:15:15: 覆盖复制 'C:/File/UnityProject/LianaiYuTuili/LianaiYuTuili.Editor.csproj' -> 'D:/LianaiYuTuili/LianaiYuTuili.Editor.csproj'
2018-01-05 02:15:15: 覆盖复制 'C:/File/UnityProject/LianaiYuTuili/LianaiYuTuili.Plugins.csproj' -> 'D:/LianaiYuTuili/LianaiYuTuili.Plugins.csproj'
2018-01-05 02:15:15: 覆盖复制 'C:/File/UnityProject/LianaiYuTuili/Library/assetDatabase3' -> 'D:/LianaiYuTuili/Library/assetDatabase3'
2018-01-05 02:15:15: 覆盖复制 'C:/File/UnityProject/LianaiYuTuili/Library/AssetServerCacheV3' -> 'D:/LianaiYuTuili/Library/AssetServerCacheV3'
2018-01-05 02:15:15: 覆盖复制 'C:/File/UnityProject/LianaiYuTuili/Library/CurrentLayout.dwlt' -> 'D:/LianaiYuTuili/Library/CurrentLayout.dwlt'
2018-01-05 02:15:15: 覆盖复制 'C:/File/UnityProject/LianaiYuTuili/Library/expandedItems' -> 'D:/LianaiYuTuili/Library/expandedItems'
2018-01-05 02:15:15: 覆盖复制 'C:/File/UnityProject/LianaiYuTuili/Library/InspectorExpandedItems.asset' -> 'D:/LianaiYuTuili/Library/InspectorExpandedItems.asset'
2018-01-05 02:15:15: 覆盖复制 'C:/File/UnityProject/LianaiYuTuili/Library/LastSceneManagerSetup.txt' -> 'D:/LianaiYuTuili/Library/LastSceneManagerSetup.txt'
2018-01-05 02:15:15: 覆盖复制 'C:/File/UnityProject/LianaiYuTuili/Library/metadata/01/01caca142a5d4524faa9518d7c2d54f6' -> 'D:/LianaiYuTuili/Library/metadata/01/01caca142a5d4524faa9518d7c2d54f6'
2018-01-05 02:15:15: 覆盖复制 'C:/File/UnityProject/LianaiYuTuili/Library/metadata/01/01caca142a5d4524faa9518d7c2d54f6.info' -> 'D:/LianaiYuTuili/Library/metadata/01/01caca142a5d4524faa9518d7c2d54f6.info'
2018-01-05 02:15:15: 覆盖复制 'C:/File/UnityProject/LianaiYuTuili/Library/metadata/02/02a2d37cfa7a3044385d2feebef6a618' -> 'D:/LianaiYuTuili/Library/metadata/02/02a2d37cfa7a3044385d2feebef6a618'
2018-01-05 02:15:15: 覆盖复制 'C:/File/UnityProject/LianaiYuTuili/Library/metadata/02/02a2d37cfa7a3044385d2feebef6a618.info' -> 'D:/LianaiYuTuili/Library/metadata/02/02a2d37cfa7a3044385d2feebef6a618.info'
2018-01-05 02:15:15: 覆盖复制 'C:/File/UnityProject/LianaiYuTuili/Library/metadata/17/17da2bab8ce0eaf49b3496efe5f1b576' -> 'D:/LianaiYuTuili/Library/metadata/17/17da2bab8ce0eaf49b3496efe5f1b576'
2018-01-05 02:15:15: 覆盖复制 'C:/File/UnityProject/LianaiYuTuili/Library/metadata/17/17da2bab8ce0eaf49b3496efe5f1b576.info' -> 'D:/LianaiYuTuili/Library/metadata/17/17da2bab8ce0eaf49b3496efe5f1b576.info'
2018-01-05 02:15:15: 覆盖复制 'C:/File/UnityProject/LianaiYuTuili/Library/metadata/32/32f52a1eb43f06241a29eada26afb4ac' -> 'D:/LianaiYuTuili/Library/metadata/32/32f52a1eb43f06241a29eada26afb4ac'
2018-01-05 02:15:15: 覆盖复制 'C:/File/UnityProject/LianaiYuTuili/Library/metadata/32/32f52a1eb43f06241a29eada26afb4ac.info' -> 'D:/LianaiYuTuili/Library/metadata/32/32f52a1eb43f06241a29eada26afb4ac.info'
2018-01-05 02:15:15: 覆盖复制 'C:/File/UnityProject/LianaiYuTuili/Library/metadata/47/47c052c0418e8e14c82798ec04e4d9a4' -> 'D:/LianaiYuTuili/Library/metadata/47/47c052c0418e8e14c82798ec04e4d9a4'
2018-01-05 02:15:15: 覆盖复制 'C:/File/UnityProject/LianaiYuTuili/Library/metadata/47/47c052c0418e8e14c82798ec04e4d9a4.info' -> 'D:/LianaiYuTuili/Library/metadata/47/47c052c0418e8e14c82798ec04e4d9a4.info'
2018-01-05 02:15:15: 覆盖复制 'C:/File/UnityProject/LianaiYuTuili/Library/metadata/5d/5d7be94fc5f047444832538b1b72e18b' -> 'D:/LianaiYuTuili/Library/metadata/5d/5d7be94fc5f047444832538b1b72e18b'
2018-01-05 02:15:15: 覆盖复制 'C:/File/UnityProject/LianaiYuTuili/Library/metadata/5d/5d7be94fc5f047444832538b1b72e18b.info' -> 'D:/LianaiYuTuili/Library/metadata/5d/5d7be94fc5f047444832538b1b72e18b.info'
2018-01-05 02:15:15: 覆盖复制 'C:/File/UnityProject/LianaiYuTuili/Library/metadata/7a/7a2169082c78eca4194410c110da24a2' -> 'D:/LianaiYuTuili/Library/metadata/7a/7a2169082c78eca4194410c110da24a2'
2018-01-05 02:15:15: 覆盖复制 'C:/File/UnityProject/LianaiYuTuili/Library/metadata/7a/7a2169082c78eca4194410c110da24a2.info' -> 'D:/LianaiYuTuili/Library/metadata/7a/7a2169082c78eca4194410c110da24a2.info'
2018-01-05 02:15:15: 覆盖复制 'C:/File/UnityProject/LianaiYuTuili/Library/metadata/92/9284ee1f1a1c11d4b8be9f5c14f2edc5' -> 'D:/LianaiYuTuili/Library/metadata/92/9284ee1f1a1c11d4b8be9f5c14f2edc5'
2018-01-05 02:15:15: 覆盖复制 'C:/File/UnityProject/LianaiYuTuili/Library/metadata/92/9284ee1f1a1c11d4b8be9f5c14f2edc5.info' -> 'D:/LianaiYuTuili/Library/metadata/92/9284ee1f1a1c11d4b8be9f5c14f2edc5.info'
2018-01-05 02:15:15: 覆盖复制 'C:/File/UnityProject/LianaiYuTuili/Library/metadata/9d/9d968026157655b409e410406d0953a6' -> 'D:/LianaiYuTuili/Library/metadata/9d/9d968026157655b409e410406d0953a6'
2018-01-05 02:15:15: 覆盖复制 'C:/File/UnityProject/LianaiYuTuili/Library/metadata/9d/9d968026157655b409e410406d0953a6.info' -> 'D:/LianaiYuTuili/Library/metadata/9d/9d968026157655b409e410406d0953a6.info'
2018-01-05 02:15:15: 覆盖复制 'C:/File/UnityProject/LianaiYuTuili/Library/metadata/a1/a163cc3941a760848922208c0c11225f' -> 'D:/LianaiYuTuili/Library/metadata/a1/a163cc3941a760848922208c0c11225f'
2018-01-05 02:15:15: 覆盖复制 'C:/File/UnityProject/LianaiYuTuili/Library/metadata/a1/a163cc3941a760848922208c0c11225f.info' -> 'D:/LianaiYuTuili/Library/metadata/a1/a163cc3941a760848922208c0c11225f.info'
2018-01-05 02:15:15: 覆盖复制 'C:/File/UnityProject/LianaiYuTuili/Library/metadata/a5/a5b74521b481e774f9036a4e939d2183' -> 'D:/LianaiYuTuili/Library/metadata/a5/a5b74521b481e774f9036a4e939d2183'
2018-01-05 02:15:15: 覆盖复制 'C:/File/UnityProject/LianaiYuTuili/Library/metadata/a5/a5b74521b481e774f9036a4e939d2183.info' -> 'D:/LianaiYuTuili/Library/metadata/a5/a5b74521b481e774f9036a4e939d2183.info'
2018-01-05 02:15:15: 覆盖复制 'C:/File/UnityProject/LianaiYuTuili/Library/metadata/af/af46b3531bc67474fbbc4a8b4e49b481' -> 'D:/LianaiYuTuili/Library/metadata/af/af46b3531bc67474fbbc4a8b4e49b481'
2018-01-05 02:15:15: 覆盖复制 'C:/File/UnityProject/LianaiYuTuili/Library/metadata/af/af46b3531bc67474fbbc4a8b4e49b481.info' -> 'D:/LianaiYuTuili/Library/metadata/af/af46b3531bc67474fbbc4a8b4e49b481.info'
2018-01-05 02:15:15: 覆盖复制 'C:/File/UnityProject/LianaiYuTuili/Library/metadata/b5/b53d6f1c6374a7d408e83afd19ac32e9' -> 'D:/LianaiYuTuili/Library/metadata/b5/b53d6f1c6374a7d408e83afd19ac32e9'
2018-01-05 02:15:15: 覆盖复制 'C:/File/UnityProject/LianaiYuTuili/Library/metadata/b5/b53d6f1c6374a7d408e83afd19ac32e9.info' -> 'D:/LianaiYuTuili/Library/metadata/b5/b53d6f1c6374a7d408e83afd19ac32e9.info'
2018-01-05 02:15:15: 覆盖复制 'C:/File/UnityProject/LianaiYuTuili/Library/metadata/b7/b760108a6c4f47a48b7b33cb17e1cdea' -> 'D:/LianaiYuTuili/Library/metadata/b7/b760108a6c4f47a48b7b33cb17e1cdea'
2018-01-05 02:15:15: 覆盖复制 'C:/File/UnityProject/LianaiYuTuili/Library/metadata/b7/b760108a6c4f47a48b7b33cb17e1cdea.info' -> 'D:/LianaiYuTuili/Library/metadata/b7/b760108a6c4f47a48b7b33cb17e1cdea.info'
2018-01-05 02:15:15: 覆盖复制 'C:/File/UnityProject/LianaiYuTuili/Library/metadata/b9/b9ab0d0f3a3d8cc4f9b86e7ab1d984c1' -> 'D:/LianaiYuTuili/Library/metadata/b9/b9ab0d0f3a3d8cc4f9b86e7ab1d984c1'
2018-01-05 02:15:15: 覆盖复制 'C:/File/UnityProject/LianaiYuTuili/Library/metadata/b9/b9ab0d0f3a3d8cc4f9b86e7ab1d984c1.info' -> 'D:/LianaiYuTuili/Library/metadata/b9/b9ab0d0f3a3d8cc4f9b86e7ab1d984c1.info'
2018-01-05 02:15:15: 覆盖复制 'C:/File/UnityProject/LianaiYuTuili/Library/metadata/c6/c6010210d5190454fade959983706cef' -> 'D:/LianaiYuTuili/Library/metadata/c6/c6010210d5190454fade959983706cef'
2018-01-05 02:15:15: 覆盖复制 'C:/File/UnityProject/LianaiYuTuili/Library/metadata/c6/c6010210d5190454fade959983706cef.info' -> 'D:/LianaiYuTuili/Library/metadata/c6/c6010210d5190454fade959983706cef.info'
2018-01-05 02:15:15: 覆盖复制 'C:/File/UnityProject/LianaiYuTuili/Library/metadata/d4/d433b8e8145ab8a4ea77f50a01fa82b4' -> 'D:/LianaiYuTuili/Library/metadata/d4/d433b8e8145ab8a4ea77f50a01fa82b4'
2018-01-05 02:15:15: 覆盖复制 'C:/File/UnityProject/LianaiYuTuili/Library/metadata/d4/d433b8e8145ab8a4ea77f50a01fa82b4.info' -> 'D:/LianaiYuTuili/Library/metadata/d4/d433b8e8145ab8a4ea77f50a01fa82b4.info'
2018-01-05 02:15:15: 覆盖复制 'C:/File/UnityProject/LianaiYuTuili/Library/metadata/d5/d528cbb8e137778409252c27bac0037b' -> 'D:/LianaiYuTuili/Library/metadata/d5/d528cbb8e137778409252c27bac0037b'
2018-01-05 02:15:15: 覆盖复制 'C:/File/UnityProject/LianaiYuTuili/Library/metadata/d5/d528cbb8e137778409252c27bac0037b.info' -> 'D:/LianaiYuTuili/Library/metadata/d5/d528cbb8e137778409252c27bac0037b.info'
2018-01-05 02:15:15: 覆盖复制 'C:/File/UnityProject/LianaiYuTuili/Library/metadata/db/dbe5abc3bd883d84d8212d9e2d6bd920' -> 'D:/LianaiYuTuili/Library/metadata/db/dbe5abc3bd883d84d8212d9e2d6bd920'
2018-01-05 02:15:15: 覆盖复制 'C:/File/UnityProject/LianaiYuTuili/Library/metadata/db/dbe5abc3bd883d84d8212d9e2d6bd920.info' -> 'D:/LianaiYuTuili/Library/metadata/db/dbe5abc3bd883d84d8212d9e2d6bd920.info'
2018-01-05 02:15:15: 覆盖复制 'C:/File/UnityProject/LianaiYuTuili/Library/metadata/e7/e721a0397a3ff9a4cbc3b30a09c26206' -> 'D:/LianaiYuTuili/Library/metadata/e7/e721a0397a3ff9a4cbc3b30a09c26206'
2018-01-05 02:15:15: 覆盖复制 'C:/File/UnityProject/LianaiYuTuili/Library/metadata/e7/e721a0397a3ff9a4cbc3b30a09c26206.info' -> 'D:/LianaiYuTuili/Library/metadata/e7/e721a0397a3ff9a4cbc3b30a09c26206.info'
2018-01-05 02:15:15: 覆盖复制 'C:/File/UnityProject/LianaiYuTuili/Library/metadata/fa/fab5196191f448e41b3d5267ed6bc655' -> 'D:/LianaiYuTuili/Library/metadata/fa/fab5196191f448e41b3d5267ed6bc655'
2018-01-05 02:15:15: 覆盖复制 'C:/File/UnityProject/LianaiYuTuili/Library/metadata/fa/fab5196191f448e41b3d5267ed6bc655.info' -> 'D:/LianaiYuTuili/Library/metadata/fa/fab5196191f448e41b3d5267ed6bc655.info'
2018-01-05 02:15:15: 覆盖复制 'C:/File/UnityProject/LianaiYuTuili/Library/ScriptAssemblies/Assembly-CSharp-Editor.dll' -> 'D:/LianaiYuTuili/Library/ScriptAssemblies/Assembly-CSharp-Editor.dll'
2018-01-05 02:15:15: 覆盖复制 'C:/File/UnityProject/LianaiYuTuili/Library/ScriptAssemblies/Assembly-CSharp-Editor.dll.mdb' -> 'D:/LianaiYuTuili/Library/ScriptAssemblies/Assembly-CSharp-Editor.dll.mdb'
2018-01-05 02:15:15: 覆盖复制 'C:/File/UnityProject/LianaiYuTuili/Library/ScriptAssemblies/Assembly-CSharp-firstpass.dll' -> 'D:/LianaiYuTuili/Library/ScriptAssemblies/Assembly-CSharp-firstpass.dll'
2018-01-05 02:15:15: 覆盖复制 'C:/File/UnityProject/LianaiYuTuili/Library/ScriptAssemblies/Assembly-CSharp-firstpass.dll.mdb' -> 'D:/LianaiYuTuili/Library/ScriptAssemblies/Assembly-CSharp-firstpass.dll.mdb'
2018-01-05 02:15:15: 覆盖复制 'C:/File/UnityProject/LianaiYuTuili/Library/ScriptAssemblies/Assembly-CSharp.dll' -> 'D:/LianaiYuTuili/Library/ScriptAssemblies/Assembly-CSharp.dll'
2018-01-05 02:15:15: 覆盖复制 'C:/File/UnityProject/LianaiYuTuili/Library/ScriptAssemblies/Assembly-CSharp.dll.mdb' -> 'D:/LianaiYuTuili/Library/ScriptAssemblies/Assembly-CSharp.dll.mdb'
2018-01-05 02:15:15: 覆盖复制 'C:/File/UnityProject/LianaiYuTuili/Library/ScriptAssemblies/BuiltinAssemblies.stamp' -> 'D:/LianaiYuTuili/Library/ScriptAssemblies/BuiltinAssemblies.stamp'
2018-01-05 02:15:15: 覆盖复制 'C:/File/UnityProject/LianaiYuTuili/Library/ScriptMapper' -> 'D:/LianaiYuTuili/Library/ScriptMapper'
2018-01-05 02:15:15: 覆盖复制 'C:/File/UnityProject/LianaiYuTuili/Library/shadercompiler-UnityShaderCompiler.exe0.log' -> 'D:/LianaiYuTuili/Library/shadercompiler-UnityShaderCompiler.exe0.log'
2018-01-05 02:15:15: 新建复制 'C:/File/UnityProject/LianaiYuTuili/README.md' -> 'D:/LianaiYuTuili/README.md'
2018-01-05 02:15:15: == 同步完成. 历时: 00:00:00, 速度: 0 字节/s, 完成: 182, 错误: 
2018-01-05 02:15:15: 
